<?xml version="1.0" encoding="UTF-8"?>
<!-- Generated by org.testng.reporters.JUnitReportReporter -->
<testsuite skipped="0" hostname="mohameds-MacBook-Pro.local" name="MyTests" tests="1" failures="0" timestamp="06 Apr 2019 12:22:00 GMT" time="12.590" errors="0">
  <testcase name="addition" time="12.590" classname="MyTests"/>
</testsuite> <!-- MyTests -->
