<?xml version="1.0" encoding="UTF-8"?>
<!-- Generated by org.testng.reporters.JUnitReportReporter -->
<testsuite skipped="0" hostname="mohameds-MacBook-Pro.local" name="MyTests" tests="5" failures="0" timestamp="07 Apr 2019 15:59:42 GMT" time="55.051" errors="0">
  <testcase name="addition" time="11.038" classname="MyTests"/>
  <testcase name="addition" time="11.141" classname="MyTests"/>
  <testcase name="addition" time="11.236" classname="MyTests"/>
  <testcase name="addition" time="11.602" classname="MyTests"/>
  <testcase name="addition" time="10.034" classname="MyTests"/>
</testsuite> <!-- MyTests -->
